
2017-01-17 16:23:29,403 - __main__ - INFO - ***Begin to backup network device's config to FTP...
2017-01-17 16:23:29,404 - __main__ - INFO - Begin to create directory on FTP server for backup...
2017-01-17 16:23:29,530 - __main__ - INFO - Create directory 20170117-162329 on FTP server 192.90.33.235 success!
2017-01-17 16:23:29,531 - __main__ - INFO - Begin to get network device's parameter from DB server...
2017-01-17 16:23:29,567 - __main__ - INFO - Get 1 network device's parameter from DB server.
2017-01-17 16:23:29,567 - __main__ - INFO - Begin to get commands from DB server...
2017-01-17 16:23:29,589 - __main__ - INFO - Get 8 commands to execute from DB server.
2017-01-17 16:23:29,589 - __main__ - INFO - Begin to execute commands on 自助路由(192.90.254.97...
2017-01-17 17:21:15,818 - __main__ - INFO - ***Begin to backup network device's config to FTP...
2017-01-17 17:21:15,827 - __main__ - INFO - Begin to create directory on FTP server for backup...
2017-01-17 17:21:16,093 - __main__ - INFO - Create directory 20170117-172115 on FTP server 192.90.33.235 success!
2017-01-17 17:21:16,095 - __main__ - INFO - Begin to get network device's parameter from DB server...
2017-01-17 17:21:16,103 - __main__ - INFO - Get 1 network device's parameter from DB server.
2017-01-17 17:21:16,104 - __main__ - INFO - Begin to get commands from DB server...
2017-01-17 17:21:16,112 - __main__ - INFO - Get 8 commands to execute from DB server.
2017-01-17 17:21:16,113 - __main__ - INFO - Begin to execute commands on 自助路由(192.90.254.97...
2017-01-17 17:21:38,939 - __main__ - INFO - ***Begin to backup network device's config to FTP...
2017-01-17 17:21:38,939 - __main__ - INFO - Begin to create directory on FTP server for backup...
2017-01-17 17:21:39,021 - __main__ - INFO - Create directory 20170117-172138 on FTP server 192.90.33.235 success!
2017-01-17 17:21:39,023 - __main__ - INFO - Begin to get network device's parameter from DB server...
2017-01-17 17:21:39,032 - __main__ - INFO - Get 1 network device's parameter from DB server.
2017-01-17 17:21:39,033 - __main__ - INFO - Begin to get commands from DB server...
2017-01-17 17:21:39,039 - __main__ - INFO - Get 8 commands to execute from DB server.
2017-01-17 17:21:39,040 - __main__ - INFO - Begin to execute commands on 自助路由(192.90.254.97...
2017-01-17 17:21:39,044 - __main__ - DEBUG - b'\r\n\r\nUser Access Verification\r\n\r\nUsername:'
2017-01-17 17:21:39,047 - __main__ - DEBUG - b' liuzheng\r\nPassword:'
2017-01-17 17:21:39,252 - __main__ - DEBUG - b' \r\nNC-SS-R29-001>'
2017-01-17 17:21:39,253 - __main__ - DEBUG - b'en\r\nPassword:'
2017-01-17 17:21:39,258 - __main__ - DEBUG - b' \r\nNC-SS-R29-001#'
2017-01-17 17:21:39,262 - __main__ - DEBUG - b'copy start ftp\r\nAddress or name of remote host []?'
2017-01-17 17:21:39,263 - __main__ - DEBUG - b' 192.90.33.235\r\nDestination filename [nc-ss-r29-001-confg]?'
2017-01-17 17:21:39,324 - __main__ - DEBUG - b' 20170117-172138/001_NC_SS_R29-001.cfg\r\nWriting 20170117-172138/001_NC_SS_R29-001.cfg !\r\n6237 bytes copied in 0.060 secs (103950 bytes/sec)\r\n\r\nNC-SS-R29-001#'
2017-01-17 17:21:39,324 - __main__ - INFO - Execute commands on 自助路由(192.90.254.97) successful.
2017-01-17 17:21:39,324 - __main__ - INFO - 1/1设备配置已备份至ftp://192.90.33.235/20170117-172138.
2017-01-17 17:21:44,870 - __main__ - INFO - ***Begin to backup network device's config to FTP...
2017-01-17 17:21:44,870 - __main__ - INFO - Begin to create directory on FTP server for backup...
2017-01-17 17:21:44,941 - __main__ - INFO - Create directory 20170117-172144 on FTP server 192.90.33.235 success!
2017-01-17 17:21:44,942 - __main__ - INFO - Begin to get network device's parameter from DB server...
2017-01-17 17:21:44,997 - __main__ - INFO - Get 1 network device's parameter from DB server.
2017-01-17 17:21:44,998 - __main__ - INFO - Begin to get commands from DB server...
2017-01-17 17:21:45,004 - __main__ - INFO - Get 8 commands to execute from DB server.
2017-01-17 17:21:45,005 - __main__ - INFO - Begin to execute commands on 自助路由(192.90.254.97...
2017-01-17 17:21:45,010 - __main__ - DEBUG - b'\r\n\r\nUser Access Verification\r\n\r\nUsername:'
2017-01-17 17:21:45,014 - __main__ - DEBUG - b' liuzheng\r\nPassword:'
2017-01-17 17:21:45,216 - __main__ - DEBUG - b' \r\nNC-SS-R29-001>'
2017-01-17 17:21:45,218 - __main__ - DEBUG - b'en\r\nPassword:'
2017-01-17 17:21:45,222 - __main__ - DEBUG - b' \r\nNC-SS-R29-001#'
2017-01-17 17:21:45,225 - __main__ - DEBUG - b'copy start ftp\r\nAddress or name of remote host []?'
2017-01-17 17:21:45,228 - __main__ - DEBUG - b' 192.90.33.235\r\nDestination filename [nc-ss-r29-001-confg]?'
2017-01-17 17:21:45,288 - __main__ - DEBUG - b' 20170117-172144/001_NC_SS_R29-001.cfg\r\nWriting 20170117-172144/001_NC_SS_R29-001.cfg !\r\n6237 bytes copied in 0.056 secs (111375 bytes/sec)\r\n\r\nNC-SS-R29-001#'
2017-01-17 17:21:45,289 - __main__ - INFO - Execute commands on 自助路由(192.90.254.97) successful.
2017-01-17 17:21:45,289 - __main__ - INFO - 1/1设备配置已备份至ftp://192.90.33.235/20170117-172144.
2017-01-17 17:23:23,619 - __main__ - INFO - ***Begin to backup network device's config to FTP...
2017-01-17 17:23:23,619 - __main__ - INFO - Begin to create directory on FTP server for backup...
2017-01-17 17:23:23,680 - __main__ - INFO - Create directory 20170117-172323 on FTP server 192.90.33.235 success!
2017-01-17 17:23:23,680 - __main__ - INFO - Begin to get network device's parameter from DB server...
2017-01-17 17:23:23,685 - __main__ - INFO - Get 1 network device's parameter from DB server.
2017-01-17 17:23:23,685 - __main__ - INFO - Begin to get commands from DB server...
2017-01-17 17:23:23,690 - __main__ - INFO - Get 8 commands to execute from DB server.
2017-01-17 17:23:23,690 - __main__ - INFO - Begin to execute commands on 自助路由(192.90.254.97...
2017-01-17 17:23:23,694 - __main__ - DEBUG - b'\r\n\r\nUser Access Verification\r\n\r\nUsername:'
2017-01-17 17:23:23,698 - __main__ - DEBUG - b' liuzheng\r\nPassword:'
2017-01-17 17:23:23,901 - __main__ - DEBUG - b' \r\nNC-SS-R29-001>'
2017-01-17 17:23:23,903 - __main__ - DEBUG - b'en\r\nPassword:'
2017-01-17 17:23:23,908 - __main__ - DEBUG - b' \r\nNC-SS-R29-001#'
2017-01-17 17:23:23,912 - __main__ - DEBUG - b'copy start ftp\r\nAddress or name of remote host []?'
2017-01-17 17:23:23,915 - __main__ - DEBUG - b' 192.90.33.235\r\nDestination filename [nc-ss-r29-001-confg]?'
2017-01-17 17:23:23,995 - __main__ - DEBUG - b' 20170117-172323/001_NC_SS_R29-001.cfg\r\nWriting 20170117-172323/001_NC_SS_R29-001.cfg !\r\n6237 bytes copied in 0.076 secs (82066 bytes/sec)\r\n\r\nNC-SS-R29-001#'
2017-01-17 17:23:23,996 - __main__ - INFO - Execute commands on 自助路由(192.90.254.97) successful.
2017-01-17 17:23:23,996 - __main__ - INFO - 1/1设备配置已备份至ftp://192.90.33.235/20170117-172323.
