
2016-12-23 20:51:39,466 - __main__ - DEBUG - This is DEBUG log
2016-12-23 20:51:39,466 - __main__ - INFO - This is INFO log
2016-12-23 20:51:39,466 - __main__ - WARNING - This is WARNING log
2016-12-23 20:51:39,467 - __main__ - ERROR - This is ERROR log
2016-12-23 20:51:39,467 - __main__ - CRITICAL - This is CRITICAL log
2016-12-23 20:54:58,934 - __main__ - DEBUG - This is DEBUG log
2016-12-23 20:54:58,934 - __main__ - INFO - This is INFO log
2016-12-23 20:54:58,935 - __main__ - WARNING - This is WARNING log
2016-12-23 20:54:58,935 - __main__ - ERROR - This is ERROR log
2016-12-23 20:54:58,936 - __main__ - CRITICAL - This is CRITICAL log
2016-12-23 20:55:08,349 - root - DEBUG - This is DEBUG log
2016-12-23 20:55:08,350 - root - INFO - This is INFO log
2016-12-23 20:55:08,357 - root - WARNING - This is WARNING log
2016-12-23 20:55:08,357 - root - ERROR - This is ERROR log
2016-12-23 20:55:08,357 - root - CRITICAL - This is CRITICAL log
2016-12-23 20:59:55,387 - root - DEBUG - This is DEBUG log
2016-12-23 20:59:55,387 - root - INFO - This is INFO log
2016-12-23 20:59:55,388 - root - WARNING - This is WARNING log
2016-12-23 20:59:55,388 - root - ERROR - This is ERROR log
2016-12-23 20:59:55,388 - root - CRITICAL - This is CRITICAL log
2016-12-23 20:59:58,772 - root - DEBUG - This is DEBUG log
2016-12-23 20:59:58,773 - root - INFO - This is INFO log
2016-12-23 20:59:58,773 - root - WARNING - This is WARNING log
2016-12-23 20:59:58,773 - root - ERROR - This is ERROR log
2016-12-23 20:59:58,773 - root - CRITICAL - This is CRITICAL log
2016-12-23 21:07:04,404 - root - DEBUG - This is DEBUG log
2016-12-23 21:07:04,404 - root - INFO - This is INFO log
2016-12-23 21:07:04,404 - root - WARNING - This is WARNING log
2016-12-23 21:07:04,405 - root - ERROR - This is ERROR log
2016-12-23 21:07:04,405 - root - CRITICAL - This is CRITICAL log
2016-12-23 21:14:57,325 - root - DEBUG - This is DEBUG log
2016-12-23 21:14:57,326 - root - INFO - This is INFO log
2016-12-23 21:14:57,326 - root - WARNING - This is WARNING log
2016-12-23 21:14:57,326 - root - ERROR - This is ERROR log
2016-12-23 21:14:57,327 - root - CRITICAL - This is CRITICAL log
2016-12-24 20:37:08,478 - root - DEBUG - This is DEBUG log
2016-12-24 20:37:08,478 - root - INFO - This is INFO log
2016-12-24 20:37:08,479 - root - WARNING - This is WARNING log
2016-12-24 20:37:08,479 - root - ERROR - This is ERROR log
2016-12-24 20:37:08,480 - root - CRITICAL - This is CRITICAL log
