
2016-12-23 20:51:39,466 - __main__ - INFO - This is INFO log
2016-12-23 20:51:39,466 - __main__ - WARNING - This is WARNING log
2016-12-23 20:51:39,467 - __main__ - ERROR - This is ERROR log
2016-12-23 20:51:39,467 - __main__ - CRITICAL - This is CRITICAL log
2016-12-23 20:54:58,934 - __main__ - INFO - This is INFO log
2016-12-23 20:54:58,935 - __main__ - WARNING - This is WARNING log
2016-12-23 20:54:58,935 - __main__ - ERROR - This is ERROR log
2016-12-23 20:54:58,936 - __main__ - CRITICAL - This is CRITICAL log
2016-12-23 20:55:08,350 - root - INFO - This is INFO log
2016-12-23 20:55:08,357 - root - WARNING - This is WARNING log
2016-12-23 20:55:08,357 - root - ERROR - This is ERROR log
2016-12-23 20:55:08,357 - root - CRITICAL - This is CRITICAL log
2016-12-23 20:59:55,387 - root - INFO - This is INFO log
2016-12-23 20:59:55,388 - root - WARNING - This is WARNING log
2016-12-23 20:59:55,388 - root - ERROR - This is ERROR log
2016-12-23 20:59:55,388 - root - CRITICAL - This is CRITICAL log
2016-12-23 20:59:58,773 - root - INFO - This is INFO log
2016-12-23 20:59:58,773 - root - WARNING - This is WARNING log
2016-12-23 20:59:58,773 - root - ERROR - This is ERROR log
2016-12-23 20:59:58,773 - root - CRITICAL - This is CRITICAL log
2016-12-23 21:07:04,404 - root - INFO - This is INFO log
2016-12-23 21:07:04,404 - root - WARNING - This is WARNING log
2016-12-23 21:07:04,405 - root - ERROR - This is ERROR log
2016-12-23 21:07:04,405 - root - CRITICAL - This is CRITICAL log
2016-12-23 21:14:57,326 - root - INFO - This is INFO log
2016-12-23 21:14:57,326 - root - WARNING - This is WARNING log
2016-12-23 21:14:57,326 - root - ERROR - This is ERROR log
2016-12-23 21:14:57,327 - root - CRITICAL - This is CRITICAL log
2016-12-24 20:37:08,478 - root - INFO - This is INFO log
2016-12-24 20:37:08,479 - root - WARNING - This is WARNING log
2016-12-24 20:37:08,479 - root - ERROR - This is ERROR log
2016-12-24 20:37:08,480 - root - CRITICAL - This is CRITICAL log
2016-12-25 10:58:05,738 - root - INFO - This is INFO log
2016-12-25 10:58:05,739 - root - WARNING - This is WARNING log
2016-12-25 10:58:05,739 - root - ERROR - This is ERROR log
2016-12-25 10:58:05,740 - root - CRITICAL - This is CRITICAL log
2016-12-25 16:13:51,438 - root - INFO - This is INFO log
2016-12-25 16:13:51,438 - root - WARNING - This is WARNING log
2016-12-25 16:13:51,438 - root - ERROR - This is ERROR log
2016-12-25 16:13:51,439 - root - CRITICAL - This is CRITICAL log
2016-12-25 16:14:59,725 - root - INFO - This is INFO log
2016-12-25 16:14:59,725 - root - WARNING - This is WARNING log
2016-12-25 16:14:59,726 - root - ERROR - This is ERROR log
2016-12-25 16:14:59,727 - root - CRITICAL - This is CRITICAL log
